Arguments: 
  /Users/getttecnologia/.nvm/versions/node/v6.11.5/bin/node /usr/local/bin/yarn install

PATH: 
  /Users/getttecnologia/.rvm/gems/ruby-2.1.1/bin:/Users/getttecnologia/.rvm/gems/ruby-2.1.1@global/bin:/Users/getttecnologia/.rvm/rubies/ruby-2.1.1/bin:/usr/local/mysql/bin:/Users/getttecnologia/.nvm/versions/node/v6.11.5/bin:/opt/local/bin:/opt/local/sbin:/Users/getttecnologia/bin/Sencha/Cmd/5.1.3.61:/Users/getttecnologia/bin/Sencha/Cmd/5.1.3.61:/usr/bin:/bin:/usr/sbin:/sbin:/usr/local/bin:/usr/local/go/bin:/usr/local/mysql/bin:/Users/getttecnologia/.rvm/bin

Yarn version: 
  0.27.5

Node version: 
  6.11.5

Platform: 
  darwin x64

npm manifest: 
  {
    "name": "todomvc",
    "version": "0.0.1",
    "private": true,
    "devDependencies": {
      "react-scripts": "^1.1.4",
      "react-test-renderer": "^16.3.1"
    },
    "dependencies": {
      "classnames": "^2.2.5",
      "prop-types": "^15.6.1",
      "react": "^16.3.1",
      "react-dom": "^16.3.1",
      "react-redux": "^5.0.7",
      "redux": "^3.5.2",
      "reselect": "^3.0.1",
      "todomvc-app-css": "^2.1.1"
    },
    "scripts": {
      "start": "react-scripts start",
      "build": "react-scripts build",
      "eject": "react-scripts eject",
      "test": "react-scripts test"
    }
  }

yarn manifest: 
  No manifest

Lockfile: 
  No lockfile

Trace: 
  Error: https://registry.yarnpkg.com/public-encrypt: ETIMEDOUT
      at Timeout._onTimeout (/usr/local/lib/node_modules/yarn/node_modules/request/request.js:852:19)
      at ontimeout (timers.js:386:11)
      at tryOnTimeout (timers.js:250:5)
      at Timer.listOnTimeout (timers.js:214:5)
